<?xml version="1.0" encoding="UTF-8"?>
<testsuite name="htwberlinwebtech.Kalotracker.KalotrackerApplicationTests" tests="1" skipped="0" failures="0" errors="0" timestamp="2022-04-23T13:51:18" hostname="DESKTOP-QKBN4SM" time="0.86">
  <properties/>
  <testcase name="contextLoads()" classname="htwberlinwebtech.Kalotracker.KalotrackerApplicationTests" time="0.86"/>
  <system-out><![CDATA[15:51:15.337 [Test worker] DEBUG org.springframework.test.context.BootstrapUtils - Instantiating CacheAwareContextLoaderDelegate from class [org.springframework.test.context.cache.DefaultCacheAwareContextLoaderDelegate]
15:51:15.357 [Test worker] DEBUG org.springframework.test.context.BootstrapUtils - Instantiating BootstrapContext using constructor [public org.springframework.test.context.support.DefaultBootstrapContext(java.lang.Class,org.springframework.test.context.CacheAwareContextLoaderDelegate)]
15:51:15.422 [Test worker] DEBUG org.springframework.test.context.BootstrapUtils - Instantiating TestContextBootstrapper for test class [htwberlinwebtech.Kalotracker.KalotrackerApplicationTests] from class [org.springframework.boot.test.context.SpringBootTestContextBootstrapper]
15:51:15.440 [Test worker] INFO org.springframework.boot.test.context.SpringBootTestContextBootstrapper - Neither @ContextConfiguration nor @ContextHierarchy found for test class [htwberlinwebtech.Kalotracker.KalotrackerApplicationTests], using SpringBootContextLoader
15:51:15.447 [Test worker] DEBUG org.springframework.test.context.support.AbstractContextLoader - Did not detect default resource location for test class [htwberlinwebtech.Kalotracker.KalotrackerApplicationTests]: class path resource [htwberlinwebtech/Kalotracker/KalotrackerApplicationTests-context.xml] does not exist
15:51:15.447 [Test worker] DEBUG org.springframework.test.context.support.AbstractContextLoader - Did not detect default resource location for test class [htwberlinwebtech.Kalotracker.KalotrackerApplicationTests]: class path resource [htwberlinwebtech/Kalotracker/KalotrackerApplicationTestsContext.groovy] does not exist
15:51:15.448 [Test worker] INFO org.springframework.test.context.support.AbstractContextLoader - Could not detect default resource locations for test class [htwberlinwebtech.Kalotracker.KalotrackerApplicationTests]: no resource found for suffixes {-context.xml, Context.groovy}.
15:51:15.449 [Test worker] INFO org.springframework.test.context.support.AnnotationConfigContextLoaderUtils - Could not detect default configuration classes for test class [htwberlinwebtech.Kalotracker.KalotrackerApplicationTests]: KalotrackerApplicationTests does not declare any static, non-private, non-final, nested classes annotated with @Configuration.
15:51:15.520 [Test worker] DEBUG org.springframework.test.context.support.ActiveProfilesUtils - Could not find an 'annotation declaring class' for annotation type [org.springframework.test.context.ActiveProfiles] and class [htwberlinwebtech.Kalotracker.KalotrackerApplicationTests]
15:51:15.616 [Test worker] DEBUG org.springframework.context.annotation.ClassPathScanningCandidateComponentProvider - Identified candidate component class: file [C:\WebTech\Kalotracker\build\classes\java\main\htwberlinwebtech\Kalotracker\KalotrackerApplication.class]
15:51:15.618 [Test worker] INFO org.springframework.boot.test.context.SpringBootTestContextBootstrapper - Found @SpringBootConfiguration htwberlinwebtech.Kalotracker.KalotrackerApplication for test class htwberlinwebtech.Kalotracker.KalotrackerApplicationTests
15:51:15.887 [Test worker] DEBUG org.springframework.boot.test.context.SpringBootTestContextBootstrapper - @TestExecutionListeners is not present for class [htwberlinwebtech.Kalotracker.KalotrackerApplicationTests]: using defaults.
15:51:15.889 [Test worker] INFO org.springframework.boot.test.context.SpringBootTestContextBootstrapper - Loaded default TestExecutionListener class names from location [META-INF/spring.factories]: [org.springframework.boot.test.autoconfigure.restdocs.RestDocsTestExecutionListener, org.springframework.boot.test.autoconfigure.web.client.MockRestServiceServerResetTestExecutionListener, org.springframework.boot.test.autoconfigure.web.servlet.MockMvcPrintOnlyOnFailureTestExecutionListener, org.springframework.boot.test.autoconfigure.web.servlet.WebDriverTestExecutionListener, org.springframework.boot.test.autoconfigure.webservices.client.MockWebServiceServerTestExecutionListener, org.springframework.boot.test.mock.mockito.MockitoTestExecutionListener, org.springframework.boot.test.mock.mockito.ResetMocksTestExecutionListener, org.springframework.test.context.web.ServletTestExecutionListener, org.springframework.test.context.support.DirtiesContextBeforeModesTestExecutionListener, org.springframework.test.context.event.ApplicationEventsTestExecutionListener, org.springframework.test.context.support.DependencyInjectionTestExecutionListener, org.springframework.test.context.support.DirtiesContextTestExecutionListener, org.springframework.test.context.transaction.TransactionalTestExecutionListener, org.springframework.test.context.jdbc.SqlScriptsTestExecutionListener, org.springframework.test.context.event.EventPublishingTestExecutionListener]
15:51:15.934 [Test worker] DEBUG org.springframework.boot.test.context.SpringBootTestContextBootstrapper - Skipping candidate TestExecutionListener [org.springframework.test.context.transaction.TransactionalTestExecutionListener] due to a missing dependency. Specify custom listener classes or make the default listener classes and their required dependencies available. Offending class: [org/springframework/transaction/interceptor/TransactionAttributeSource]
15:51:15.936 [Test worker] DEBUG org.springframework.boot.test.context.SpringBootTestContextBootstrapper - Skipping candidate TestExecutionListener [org.springframework.test.context.jdbc.SqlScriptsTestExecutionListener] due to a missing dependency. Specify custom listener classes or make the default listener classes and their required dependencies available. Offending class: [org/springframework/transaction/interceptor/TransactionAttribute]
15:51:15.936 [Test worker] INFO org.springframework.boot.test.context.SpringBootTestContextBootstrapper - Using TestExecutionListeners: [org.springframework.test.context.web.ServletTestExecutionListener@5b080f3a, org.springframework.test.context.support.DirtiesContextBeforeModesTestExecutionListener@773cbf4f, org.springframework.test.context.event.ApplicationEventsTestExecutionListener@6b54655f, org.springframework.boot.test.mock.mockito.MockitoTestExecutionListener@665e9289, org.springframework.boot.test.autoconfigure.SpringBootDependencyInjectionTestExecutionListener@7d3430a7, org.springframework.test.context.support.DirtiesContextTestExecutionListener@6f603e89, org.springframework.test.context.event.EventPublishingTestExecutionListener@2756c0a7, org.springframework.boot.test.autoconfigure.restdocs.RestDocsTestExecutionListener@350ec41e, org.springframework.boot.test.autoconfigure.web.client.MockRestServiceServerResetTestExecutionListener@69637b10, org.springframework.boot.test.autoconfigure.web.servlet.MockMvcPrintOnlyOnFailureTestExecutionListener@71984c3, org.springframework.boot.test.autoconfigure.web.servlet.WebDriverTestExecutionListener@165b2f7f, org.springframework.boot.test.autoconfigure.webservices.client.MockWebServiceServerTestExecutionListener@5536379e, org.springframework.boot.test.mock.mockito.ResetMocksTestExecutionListener@277f7dd3]
15:51:15.949 [Test worker] DEBUG org.springframework.test.context.support.AbstractDirtiesContextTestExecutionListener - Before test class: context [DefaultTestContext@34a97744 testClass = KalotrackerApplicationTests, testInstance = [null], testMethod = [null], testException = [null], mergedContextConfiguration = [WebMergedContextConfiguration@4275c20c testClass = KalotrackerApplicationTests, locations = '{}', classes = '{class htwberlinwebtech.Kalotracker.KalotrackerApplication}', contextInitializerClasses = '[]', activeProfiles = '{}', propertySourceLocations = '{}', propertySourceProperties = '{org.springframework.boot.test.context.SpringBootTestContextBootstrapper=true}', contextCustomizers = set[org.springframework.boot.test.autoconfigure.actuate.metrics.MetricsExportContextCustomizerFactory$DisableMetricExportContextCustomizer@2bd08376, org.springframework.boot.test.autoconfigure.properties.PropertyMappingContextCustomizer@0, org.springframework.boot.test.autoconfigure.web.servlet.WebDriverContextCustomizerFactory$Customizer@3c7c886c, org.springframework.boot.test.context.filter.ExcludeFilterContextCustomizer@2f16c6b3, org.springframework.boot.test.json.DuplicateJsonObjectContextCustomizerFactory$DuplicateJsonObjectContextCustomizer@52c3cb31, org.springframework.boot.test.mock.mockito.MockitoContextCustomizer@0, org.springframework.boot.test.web.client.TestRestTemplateContextCustomizer@12f9af83, org.springframework.boot.test.context.SpringBootTestArgs@1, org.springframework.boot.test.context.SpringBootTestWebEnvironment@c333c60], resourceBasePath = 'src/main/webapp', contextLoader = 'org.springframework.boot.test.context.SpringBootContextLoader', parent = [null]], attributes = map['org.springframework.test.context.web.ServletTestExecutionListener.activateListener' -> true]], class annotated with @DirtiesContext [false] with mode [null].

  .   ____          _            __ _ _
 /\\ / ___'_ __ _ _(_)_ __  __ _ \ \ \ \
( ( )\___ | '_ | '_| | '_ \/ _` | \ \ \ \
 \\/  ___)| |_)| | | | | || (_| |  ) ) ) )
  '  |____| .__|_| |_|_| |_\__, | / / / /
 =========|_|==============|___/=/_/_/_/
 :: Spring Boot ::                (v2.6.7)

2022-04-23 15:51:16.611  INFO 6872 --- [    Test worker] h.K.KalotrackerApplicationTests          : Starting KalotrackerApplicationTests using Java 17 on DESKTOP-QKBN4SM with PID 6872 (started by vutru in C:\WebTech\Kalotracker)
2022-04-23 15:51:16.613  INFO 6872 --- [    Test worker] h.K.KalotrackerApplicationTests          : No active profile set, falling back to 1 default profile: "default"
2022-04-23 15:51:18.801  INFO 6872 --- [    Test worker] h.K.KalotrackerApplicationTests          : Started KalotrackerApplicationTests in 2.722 seconds (JVM running for 4.949)
]]></system-out>
  <system-err><![CDATA[]]></system-err>
</testsuite>
